[2.851s] DEBUG:colcon:Command line arguments: ['/usr/bin/colcon', 'build', '--symlink-install']
[2.852s] DEBUG:colcon:Parsed command line arguments: Namespace(log_base=None, log_level=None, verb_name='build', build_base='build', install_base='install', merge_install=False, symlink_install=True, test_result_base=None, continue_on_error=False, executor='parallel', parallel_workers=4, event_handlers=None, ignore_user_meta=False, metas=['./colcon.meta'], base_paths=['.'], packages_ignore=None, packages_ignore_regex=None, paths=None, packages_up_to=None, packages_up_to_regex=None, packages_above=None, packages_above_and_dependencies=None, packages_above_depth=None, packages_select_by_dep=None, packages_skip_by_dep=None, packages_skip_up_to=None, packages_select_build_failed=False, packages_skip_build_finished=False, packages_select_test_failures=False, packages_skip_test_passed=False, packages_select=None, packages_skip=None, packages_select_regex=None, packages_skip_regex=None, packages_start=None, packages_end=None, allow_overriding=[], cmake_args=None, cmake_target=None, cmake_target_skip_unavailable=False, cmake_clean_cache=False, cmake_clean_first=False, cmake_force_configure=False, ament_cmake_args=None, catkin_cmake_args=None, catkin_skip_building_tests=False, mixin_files=None, mixin=None, verb_parser=<colcon_mixin.mixin.mixin_argument.MixinArgumentDecorator object at 0xffff9f55fad0>, verb_extension=<colcon_core.verb.build.BuildVerb object at 0xffff9f6867b0>, main=<bound method BuildVerb.main of <colcon_core.verb.build.BuildVerb object at 0xffff9f6867b0>>, mixin_verb=('build',))
[3.496s] Level 1:colcon.colcon_core.package_discovery:discover_packages(colcon_meta) check parameters
[3.497s] Level 1:colcon.colcon_core.package_discovery:discover_packages(recursive) check parameters
[3.497s] Level 1:colcon.colcon_core.package_discovery:discover_packages(ignore) check parameters
[3.497s] Level 1:colcon.colcon_core.package_discovery:discover_packages(path) check parameters
[3.498s] Level 1:colcon.colcon_core.package_discovery:discover_packages(colcon_meta) discover
[3.498s] Level 1:colcon.colcon_core.package_discovery:discover_packages(recursive) discover
[3.499s] INFO:colcon.colcon_core.package_discovery:Crawling recursively for packages in '/home/alex/mc-robo/robot_ws'
[3.500s] Level 1:colcon.colcon_core.package_identification:_identify(.) by extensions ['ignore', 'ignore_ament_install']
[3.501s] Level 1:colcon.colcon_core.package_identification:_identify(.) by extension 'ignore'
[3.501s] Level 1:colcon.colcon_core.package_identification:_identify(.) by extension 'ignore_ament_install'
[3.502s] Level 1:colcon.colcon_core.package_identification:_identify(.) by extensions ['colcon_pkg']
[3.503s] Level 1:colcon.colcon_core.package_identification:_identify(.) by extension 'colcon_pkg'
[3.503s] Level 1:colcon.colcon_core.package_identification:_identify(.) by extensions ['colcon_meta']
[3.503s] Level 1:colcon.colcon_core.package_identification:_identify(.) by extension 'colcon_meta'
[3.504s] Level 1:colcon.colcon_core.package_identification:_identify(.) by extensions ['ros']
[3.504s] Level 1:colcon.colcon_core.package_identification:_identify(.) by extension 'ros'
[3.871s] Level 1:colcon.colcon_core.package_identification:_identify(.) by extensions ['cmake', 'python']
[3.871s] Level 1:colcon.colcon_core.package_identification:_identify(.) by extension 'cmake'
[3.872s] Level 1:colcon.colcon_core.package_identification:_identify(.) by extension 'python'
[3.872s] Level 1:colcon.colcon_core.package_identification:_identify(.) by extensions ['python_setup_py']
[3.872s] Level 1:colcon.colcon_core.package_identification:_identify(.) by extension 'python_setup_py'
[3.873s] Level 1:colcon.colcon_core.package_identification:_identify(build) by extensions ['ignore', 'ignore_ament_install']
[3.874s] Level 1:colcon.colcon_core.package_identification:_identify(build) by extension 'ignore'
[3.875s] Level 1:colcon.colcon_core.package_identification:_identify(build) ignored
[3.876s] Level 1:colcon.colcon_core.package_identification:_identify(install) by extensions ['ignore', 'ignore_ament_install']
[3.877s] Level 1:colcon.colcon_core.package_identification:_identify(install) by extension 'ignore'
[3.877s] Level 1:colcon.colcon_core.package_identification:_identify(install) ignored
[3.878s] Level 1:colcon.colcon_core.package_identification:_identify(log) by extensions ['ignore', 'ignore_ament_install']
[3.879s] Level 1:colcon.colcon_core.package_identification:_identify(log) by extension 'ignore'
[3.879s] Level 1:colcon.colcon_core.package_identification:_identify(log) ignored
[3.880s] Level 1:colcon.colcon_core.package_identification:_identify(src) by extensions ['ignore', 'ignore_ament_install']
[3.881s] Level 1:colcon.colcon_core.package_identification:_identify(src) by extension 'ignore'
[3.882s] Level 1:colcon.colcon_core.package_identification:_identify(src) by extension 'ignore_ament_install'
[3.882s] Level 1:colcon.colcon_core.package_identification:_identify(src) by extensions ['colcon_pkg']
[3.882s] Level 1:colcon.colcon_core.package_identification:_identify(src) by extension 'colcon_pkg'
[3.883s] Level 1:colcon.colcon_core.package_identification:_identify(src) by extensions ['colcon_meta']
[3.883s] Level 1:colcon.colcon_core.package_identification:_identify(src) by extension 'colcon_meta'
[3.884s] Level 1:colcon.colcon_core.package_identification:_identify(src) by extensions ['ros']
[3.884s] Level 1:colcon.colcon_core.package_identification:_identify(src) by extension 'ros'
[3.885s] Level 1:colcon.colcon_core.package_identification:_identify(src) by extensions ['cmake', 'python']
[3.885s] Level 1:colcon.colcon_core.package_identification:_identify(src) by extension 'cmake'
[3.886s] Level 1:colcon.colcon_core.package_identification:_identify(src) by extension 'python'
[3.886s] Level 1:colcon.colcon_core.package_identification:_identify(src) by extensions ['python_setup_py']
[3.887s] Level 1:colcon.colcon_core.package_identification:_identify(src) by extension 'python_setup_py'
[3.887s] Level 1:colcon.colcon_core.package_discovery:discover_packages(recursive) using defaults
[3.888s] Level 1:colcon.colcon_core.package_discovery:discover_packages(ignore) discover
[3.888s] Level 1:colcon.colcon_core.package_discovery:discover_packages(ignore) using defaults
[3.888s] Level 1:colcon.colcon_core.package_discovery:discover_packages(path) discover
[3.888s] Level 1:colcon.colcon_core.package_discovery:discover_packages(path) using defaults
[4.276s] Level 1:colcon.colcon_core.package_discovery:discover_packages(prefix_path) check parameters
[4.277s] Level 1:colcon.colcon_core.package_discovery:discover_packages(prefix_path) discover
[4.334s] DEBUG:colcon.colcon_installed_package_information.package_discovery:Found 285 installed packages in /opt/ros/jazzy
[4.343s] Level 1:colcon.colcon_core.package_discovery:discover_packages(prefix_path) using defaults
[5.119s] INFO:colcon.colcon_core.executor:Executing jobs using 'parallel' executor
[5.126s] DEBUG:colcon.colcon_parallel_executor.executor.parallel:run_until_complete
[5.127s] DEBUG:colcon.colcon_parallel_executor.executor.parallel:closing loop
[5.128s] DEBUG:colcon.colcon_parallel_executor.executor.parallel:loop closed
[5.128s] DEBUG:colcon.colcon_parallel_executor.executor.parallel:run_until_complete finished with '0'
[5.128s] DEBUG:colcon.colcon_core.event_reactor:joining thread
[5.245s] INFO:colcon.colcon_core.plugin_system:Skipping extension 'colcon_notification.desktop_notification.notify_send': Could not find 'notify-send'
[5.246s] INFO:colcon.colcon_core.plugin_system:Skipping extension 'colcon_notification.desktop_notification.terminal_notifier': Not used on non-Darwin systems
[5.247s] INFO:colcon.colcon_core.plugin_system:Skipping extension 'colcon_notification.desktop_notification.win32': Not used on non-Windows systems
[5.247s] INFO:colcon.colcon_notification.desktop_notification:Sending desktop notification using 'notify2'
[5.510s] DEBUG:colcon.colcon_notification.desktop_notification.notify2:Failed to initialize notify2: org.freedesktop.DBus.Error.ServiceUnknown: The name org.freedesktop.Notifications was not provided by any .service files
[5.512s] DEBUG:colcon.colcon_core.event_reactor:joined thread
[5.552s] INFO:colcon.colcon_core.plugin_system:Skipping extension 'colcon_core.shell.bat': Not used on non-Windows systems
[5.554s] INFO:colcon.colcon_core.shell:Creating prefix script '/home/alex/mc-robo/robot_ws/install/local_setup.ps1'
[5.564s] INFO:colcon.colcon_core.shell:Creating prefix util module '/home/alex/mc-robo/robot_ws/install/_local_setup_util_ps1.py'
[5.577s] INFO:colcon.colcon_core.shell:Creating prefix chain script '/home/alex/mc-robo/robot_ws/install/setup.ps1'
[5.586s] INFO:colcon.colcon_core.shell:Creating prefix script '/home/alex/mc-robo/robot_ws/install/local_setup.sh'
[5.592s] INFO:colcon.colcon_core.shell:Creating prefix util module '/home/alex/mc-robo/robot_ws/install/_local_setup_util_sh.py'
[5.596s] INFO:colcon.colcon_core.shell:Creating prefix chain script '/home/alex/mc-robo/robot_ws/install/setup.sh'
[5.605s] INFO:colcon.colcon_core.shell:Creating prefix script '/home/alex/mc-robo/robot_ws/install/local_setup.bash'
[5.611s] INFO:colcon.colcon_core.shell:Creating prefix chain script '/home/alex/mc-robo/robot_ws/install/setup.bash'
[5.621s] INFO:colcon.colcon_core.shell:Creating prefix script '/home/alex/mc-robo/robot_ws/install/local_setup.zsh'
[5.627s] INFO:colcon.colcon_core.shell:Creating prefix chain script '/home/alex/mc-robo/robot_ws/install/setup.zsh'
