[1.739s] DEBUG:colcon:Command line arguments: ['/usr/bin/colcon', 'build', '--symlink-install']
[1.739s] DEBUG:colcon:Parsed command line arguments: Namespace(log_base=None, log_level=None, verb_name='build', build_base='build', install_base='install', merge_install=False, symlink_install=True, test_result_base=None, continue_on_error=False, executor='parallel', parallel_workers=4, event_handlers=None, ignore_user_meta=False, metas=['./colcon.meta'], base_paths=['.'], packages_ignore=None, packages_ignore_regex=None, paths=None, packages_up_to=None, packages_up_to_regex=None, packages_above=None, packages_above_and_dependencies=None, packages_above_depth=None, packages_select_by_dep=None, packages_skip_by_dep=None, packages_skip_up_to=None, packages_select_build_failed=False, packages_skip_build_finished=False, packages_select_test_failures=False, packages_skip_test_passed=False, packages_select=None, packages_skip=None, packages_select_regex=None, packages_skip_regex=None, packages_start=None, packages_end=None, allow_overriding=[], cmake_args=None, cmake_target=None, cmake_target_skip_unavailable=False, cmake_clean_cache=False, cmake_clean_first=False, cmake_force_configure=False, ament_cmake_args=None, catkin_cmake_args=None, catkin_skip_building_tests=False, mixin_files=None, mixin=None, verb_parser=<colcon_mixin.mixin.mixin_argument.MixinArgumentDecorator object at 0xffffb8c6fa70>, verb_extension=<colcon_core.verb.build.BuildVerb object at 0xffffb8e26750>, main=<bound method BuildVerb.main of <colcon_core.verb.build.BuildVerb object at 0xffffb8e26750>>, mixin_verb=('build',))
[2.381s] Level 1:colcon.colcon_core.package_discovery:discover_packages(colcon_meta) check parameters
[2.382s] Level 1:colcon.colcon_core.package_discovery:discover_packages(recursive) check parameters
[2.383s] Level 1:colcon.colcon_core.package_discovery:discover_packages(ignore) check parameters
[2.383s] Level 1:colcon.colcon_core.package_discovery:discover_packages(path) check parameters
[2.383s] Level 1:colcon.colcon_core.package_discovery:discover_packages(colcon_meta) discover
[2.384s] Level 1:colcon.colcon_core.package_discovery:discover_packages(recursive) discover
[2.384s] INFO:colcon.colcon_core.package_discovery:Crawling recursively for packages in '/home/alex/mc-robo/robot_ws'
[2.385s] Level 1:colcon.colcon_core.package_identification:_identify(.) by extensions ['ignore', 'ignore_ament_install']
[2.386s] Level 1:colcon.colcon_core.package_identification:_identify(.) by extension 'ignore'
[2.386s] Level 1:colcon.colcon_core.package_identification:_identify(.) by extension 'ignore_ament_install'
[2.387s] Level 1:colcon.colcon_core.package_identification:_identify(.) by extensions ['colcon_pkg']
[2.387s] Level 1:colcon.colcon_core.package_identification:_identify(.) by extension 'colcon_pkg'
[2.388s] Level 1:colcon.colcon_core.package_identification:_identify(.) by extensions ['colcon_meta']
[2.388s] Level 1:colcon.colcon_core.package_identification:_identify(.) by extension 'colcon_meta'
[2.388s] Level 1:colcon.colcon_core.package_identification:_identify(.) by extensions ['ros']
[2.389s] Level 1:colcon.colcon_core.package_identification:_identify(.) by extension 'ros'
[2.661s] Level 1:colcon.colcon_core.package_identification:_identify(.) by extensions ['cmake', 'python']
[2.662s] Level 1:colcon.colcon_core.package_identification:_identify(.) by extension 'cmake'
[2.662s] Level 1:colcon.colcon_core.package_identification:_identify(.) by extension 'python'
[2.663s] Level 1:colcon.colcon_core.package_identification:_identify(.) by extensions ['python_setup_py']
[2.663s] Level 1:colcon.colcon_core.package_identification:_identify(.) by extension 'python_setup_py'
[2.664s] Level 1:colcon.colcon_core.package_identification:_identify(build) by extensions ['ignore', 'ignore_ament_install']
[2.665s] Level 1:colcon.colcon_core.package_identification:_identify(build) by extension 'ignore'
[2.666s] Level 1:colcon.colcon_core.package_identification:_identify(build) ignored
[2.667s] Level 1:colcon.colcon_core.package_identification:_identify(install) by extensions ['ignore', 'ignore_ament_install']
[2.668s] Level 1:colcon.colcon_core.package_identification:_identify(install) by extension 'ignore'
[2.668s] Level 1:colcon.colcon_core.package_identification:_identify(install) ignored
[2.670s] Level 1:colcon.colcon_core.package_identification:_identify(log) by extensions ['ignore', 'ignore_ament_install']
[2.670s] Level 1:colcon.colcon_core.package_identification:_identify(log) by extension 'ignore'
[2.671s] Level 1:colcon.colcon_core.package_identification:_identify(log) ignored
[2.672s] Level 1:colcon.colcon_core.package_identification:_identify(src) by extensions ['ignore', 'ignore_ament_install']
[2.672s] Level 1:colcon.colcon_core.package_identification:_identify(src) by extension 'ignore'
[2.673s] Level 1:colcon.colcon_core.package_identification:_identify(src) by extension 'ignore_ament_install'
[2.674s] Level 1:colcon.colcon_core.package_identification:_identify(src) by extensions ['colcon_pkg']
[2.674s] Level 1:colcon.colcon_core.package_identification:_identify(src) by extension 'colcon_pkg'
[2.674s] Level 1:colcon.colcon_core.package_identification:_identify(src) by extensions ['colcon_meta']
[2.675s] Level 1:colcon.colcon_core.package_identification:_identify(src) by extension 'colcon_meta'
[2.675s] Level 1:colcon.colcon_core.package_identification:_identify(src) by extensions ['ros']
[2.675s] Level 1:colcon.colcon_core.package_identification:_identify(src) by extension 'ros'
[2.676s] Level 1:colcon.colcon_core.package_identification:_identify(src) by extensions ['cmake', 'python']
[2.676s] Level 1:colcon.colcon_core.package_identification:_identify(src) by extension 'cmake'
[2.677s] Level 1:colcon.colcon_core.package_identification:_identify(src) by extension 'python'
[2.677s] Level 1:colcon.colcon_core.package_identification:_identify(src) by extensions ['python_setup_py']
[2.678s] Level 1:colcon.colcon_core.package_identification:_identify(src) by extension 'python_setup_py'
[2.679s] Level 1:colcon.colcon_core.package_identification:_identify(src/test_package) by extensions ['ignore', 'ignore_ament_install']
[2.680s] Level 1:colcon.colcon_core.package_identification:_identify(src/test_package) by extension 'ignore'
[2.680s] Level 1:colcon.colcon_core.package_identification:_identify(src/test_package) by extension 'ignore_ament_install'
[2.681s] Level 1:colcon.colcon_core.package_identification:_identify(src/test_package) by extensions ['colcon_pkg']
[2.681s] Level 1:colcon.colcon_core.package_identification:_identify(src/test_package) by extension 'colcon_pkg'
[2.682s] Level 1:colcon.colcon_core.package_identification:_identify(src/test_package) by extensions ['colcon_meta']
[2.682s] Level 1:colcon.colcon_core.package_identification:_identify(src/test_package) by extension 'colcon_meta'
[2.683s] Level 1:colcon.colcon_core.package_identification:_identify(src/test_package) by extensions ['ros']
[2.683s] Level 1:colcon.colcon_core.package_identification:_identify(src/test_package) by extension 'ros'
[2.718s] DEBUG:colcon.colcon_core.package_identification:Package 'src/test_package' with type 'ros.ament_cmake' and name 'test_package'
[2.719s] Level 1:colcon.colcon_core.package_discovery:discover_packages(recursive) using defaults
[2.719s] Level 1:colcon.colcon_core.package_discovery:discover_packages(ignore) discover
[2.720s] Level 1:colcon.colcon_core.package_discovery:discover_packages(ignore) using defaults
[2.720s] Level 1:colcon.colcon_core.package_discovery:discover_packages(path) discover
[2.720s] Level 1:colcon.colcon_core.package_discovery:discover_packages(path) using defaults
[3.041s] Level 1:colcon.colcon_core.package_discovery:discover_packages(prefix_path) check parameters
[3.041s] Level 1:colcon.colcon_core.package_discovery:discover_packages(prefix_path) discover
[3.112s] DEBUG:colcon.colcon_installed_package_information.package_discovery:Found 285 installed packages in /opt/ros/jazzy
[3.121s] Level 1:colcon.colcon_core.package_discovery:discover_packages(prefix_path) using defaults
[3.998s] Level 5:colcon.colcon_core.verb:set package 'test_package' build argument 'cmake_args' from command line to 'None'
[3.998s] Level 5:colcon.colcon_core.verb:set package 'test_package' build argument 'cmake_target' from command line to 'None'
[3.999s] Level 5:colcon.colcon_core.verb:set package 'test_package' build argument 'cmake_target_skip_unavailable' from command line to 'False'
[3.999s] Level 5:colcon.colcon_core.verb:set package 'test_package' build argument 'cmake_clean_cache' from command line to 'False'
[3.999s] Level 5:colcon.colcon_core.verb:set package 'test_package' build argument 'cmake_clean_first' from command line to 'False'
[3.999s] Level 5:colcon.colcon_core.verb:set package 'test_package' build argument 'cmake_force_configure' from command line to 'False'
[4.000s] Level 5:colcon.colcon_core.verb:set package 'test_package' build argument 'ament_cmake_args' from command line to 'None'
[4.000s] Level 5:colcon.colcon_core.verb:set package 'test_package' build argument 'catkin_cmake_args' from command line to 'None'
[4.000s] Level 5:colcon.colcon_core.verb:set package 'test_package' build argument 'catkin_skip_building_tests' from command line to 'False'
[4.000s] DEBUG:colcon.colcon_core.verb:Building package 'test_package' with the following arguments: {'ament_cmake_args': None, 'build_base': '/home/alex/mc-robo/robot_ws/build/test_package', 'catkin_cmake_args': None, 'catkin_skip_building_tests': False, 'cmake_args': None, 'cmake_clean_cache': False, 'cmake_clean_first': False, 'cmake_force_configure': False, 'cmake_target': None, 'cmake_target_skip_unavailable': False, 'install_base': '/home/alex/mc-robo/robot_ws/install/test_package', 'merge_install': False, 'path': '/home/alex/mc-robo/robot_ws/src/test_package', 'symlink_install': True, 'test_result_base': None}
[4.001s] INFO:colcon.colcon_core.executor:Executing jobs using 'parallel' executor
[4.009s] DEBUG:colcon.colcon_parallel_executor.executor.parallel:run_until_complete
[4.010s] INFO:colcon.colcon_ros.task.ament_cmake.build:Building ROS package in '/home/alex/mc-robo/robot_ws/src/test_package' with build type 'ament_cmake'
[4.011s] INFO:colcon.colcon_cmake.task.cmake.build:Building CMake package in '/home/alex/mc-robo/robot_ws/src/test_package'
[4.056s] INFO:colcon.colcon_core.plugin_system:Skipping extension 'colcon_core.shell.bat': Not used on non-Windows systems
[4.058s] INFO:colcon.colcon_core.shell:Skip shell extension 'powershell' for command environment: Not usable outside of PowerShell
[4.058s] DEBUG:colcon.colcon_core.shell:Skip shell extension 'dsv' for command environment
[4.144s] DEBUG:colcon.colcon_core.event_handler.log_command:Invoking command in '/home/alex/mc-robo/robot_ws/build/test_package': CMAKE_PREFIX_PATH=${CMAKE_PREFIX_PATH}:/opt/ros/jazzy /usr/bin/cmake /home/alex/mc-robo/robot_ws/src/test_package -DAMENT_CMAKE_SYMLINK_INSTALL=1 -DCMAKE_INSTALL_PREFIX=/home/alex/mc-robo/robot_ws/install/test_package
[19.128s] DEBUG:colcon.colcon_core.event_handler.log_command:Invoked command in '/home/alex/mc-robo/robot_ws/build/test_package' returned '0': CMAKE_PREFIX_PATH=${CMAKE_PREFIX_PATH}:/opt/ros/jazzy /usr/bin/cmake /home/alex/mc-robo/robot_ws/src/test_package -DAMENT_CMAKE_SYMLINK_INSTALL=1 -DCMAKE_INSTALL_PREFIX=/home/alex/mc-robo/robot_ws/install/test_package
[19.145s] DEBUG:colcon.colcon_core.event_handler.log_command:Invoking command in '/home/alex/mc-robo/robot_ws/build/test_package': CMAKE_PREFIX_PATH=${CMAKE_PREFIX_PATH}:/opt/ros/jazzy /usr/bin/cmake --build /home/alex/mc-robo/robot_ws/build/test_package -- -j4 -l4
[19.699s] DEBUG:colcon.colcon_core.event_handler.log_command:Invoked command in '/home/alex/mc-robo/robot_ws/build/test_package' returned '0': CMAKE_PREFIX_PATH=${CMAKE_PREFIX_PATH}:/opt/ros/jazzy /usr/bin/cmake --build /home/alex/mc-robo/robot_ws/build/test_package -- -j4 -l4
[20.056s] DEBUG:colcon.colcon_core.event_handler.log_command:Invoking command in '/home/alex/mc-robo/robot_ws/build/test_package': CMAKE_PREFIX_PATH=${CMAKE_PREFIX_PATH}:/opt/ros/jazzy /usr/bin/cmake --install /home/alex/mc-robo/robot_ws/build/test_package
[21.963s] Level 1:colcon.colcon_core.environment:create_environment_scripts_only(test_package)
[21.966s] DEBUG:colcon.colcon_core.event_handler.log_command:Invoked command in '/home/alex/mc-robo/robot_ws/build/test_package' returned '0': CMAKE_PREFIX_PATH=${CMAKE_PREFIX_PATH}:/opt/ros/jazzy /usr/bin/cmake --install /home/alex/mc-robo/robot_ws/build/test_package
[22.036s] Level 1:colcon.colcon_core.environment:checking '/home/alex/mc-robo/robot_ws/install/test_package' for CMake module files
[22.044s] Level 1:colcon.colcon_core.environment:checking '/home/alex/mc-robo/robot_ws/install/test_package' for CMake config files
[22.048s] Level 1:colcon.colcon_core.shell:create_environment_hook('test_package', 'cmake_prefix_path')
[22.049s] INFO:colcon.colcon_core.shell:Creating environment hook '/home/alex/mc-robo/robot_ws/install/test_package/share/test_package/hook/cmake_prefix_path.ps1'
[22.058s] INFO:colcon.colcon_core.shell:Creating environment descriptor '/home/alex/mc-robo/robot_ws/install/test_package/share/test_package/hook/cmake_prefix_path.dsv'
[22.064s] INFO:colcon.colcon_core.shell:Creating environment hook '/home/alex/mc-robo/robot_ws/install/test_package/share/test_package/hook/cmake_prefix_path.sh'
[22.073s] Level 1:colcon.colcon_core.environment:checking '/home/alex/mc-robo/robot_ws/install/test_package/bin'
[22.074s] Level 1:colcon.colcon_core.environment:checking '/home/alex/mc-robo/robot_ws/install/test_package/lib/pkgconfig/test_package.pc'
[22.076s] Level 1:colcon.colcon_core.environment:checking '/home/alex/mc-robo/robot_ws/install/test_package/lib/python3.12/site-packages'
[22.079s] Level 1:colcon.colcon_core.environment:checking '/home/alex/mc-robo/robot_ws/install/test_package/bin'
[22.081s] INFO:colcon.colcon_core.shell:Creating package script '/home/alex/mc-robo/robot_ws/install/test_package/share/test_package/package.ps1'
[22.088s] INFO:colcon.colcon_core.shell:Creating package descriptor '/home/alex/mc-robo/robot_ws/install/test_package/share/test_package/package.dsv'
[22.094s] INFO:colcon.colcon_core.shell:Creating package script '/home/alex/mc-robo/robot_ws/install/test_package/share/test_package/package.sh'
[22.101s] INFO:colcon.colcon_core.shell:Creating package script '/home/alex/mc-robo/robot_ws/install/test_package/share/test_package/package.bash'
[22.111s] INFO:colcon.colcon_core.shell:Creating package script '/home/alex/mc-robo/robot_ws/install/test_package/share/test_package/package.zsh'
[22.120s] Level 1:colcon.colcon_core.environment:create_file_with_runtime_dependencies(/home/alex/mc-robo/robot_ws/install/test_package/share/colcon-core/packages/test_package)
[22.373s] Level 1:colcon.colcon_core.environment:create_environment_scripts_only(test_package)
[22.374s] Level 1:colcon.colcon_core.environment:checking '/home/alex/mc-robo/robot_ws/install/test_package' for CMake module files
[22.383s] Level 1:colcon.colcon_core.environment:checking '/home/alex/mc-robo/robot_ws/install/test_package' for CMake config files
[22.387s] Level 1:colcon.colcon_core.shell:create_environment_hook('test_package', 'cmake_prefix_path')
[22.389s] INFO:colcon.colcon_core.shell:Creating environment hook '/home/alex/mc-robo/robot_ws/install/test_package/share/test_package/hook/cmake_prefix_path.ps1'
[22.393s] INFO:colcon.colcon_core.shell:Creating environment descriptor '/home/alex/mc-robo/robot_ws/install/test_package/share/test_package/hook/cmake_prefix_path.dsv'
[22.396s] INFO:colcon.colcon_core.shell:Creating environment hook '/home/alex/mc-robo/robot_ws/install/test_package/share/test_package/hook/cmake_prefix_path.sh'
[22.401s] Level 1:colcon.colcon_core.environment:checking '/home/alex/mc-robo/robot_ws/install/test_package/bin'
[22.402s] Level 1:colcon.colcon_core.environment:checking '/home/alex/mc-robo/robot_ws/install/test_package/lib/pkgconfig/test_package.pc'
[22.404s] Level 1:colcon.colcon_core.environment:checking '/home/alex/mc-robo/robot_ws/install/test_package/lib/python3.12/site-packages'
[22.407s] Level 1:colcon.colcon_core.environment:checking '/home/alex/mc-robo/robot_ws/install/test_package/bin'
[22.410s] INFO:colcon.colcon_core.shell:Creating package script '/home/alex/mc-robo/robot_ws/install/test_package/share/test_package/package.ps1'
[22.415s] INFO:colcon.colcon_core.shell:Creating package descriptor '/home/alex/mc-robo/robot_ws/install/test_package/share/test_package/package.dsv'
[22.420s] INFO:colcon.colcon_core.shell:Creating package script '/home/alex/mc-robo/robot_ws/install/test_package/share/test_package/package.sh'
[22.424s] INFO:colcon.colcon_core.shell:Creating package script '/home/alex/mc-robo/robot_ws/install/test_package/share/test_package/package.bash'
[22.428s] INFO:colcon.colcon_core.shell:Creating package script '/home/alex/mc-robo/robot_ws/install/test_package/share/test_package/package.zsh'
[22.432s] Level 1:colcon.colcon_core.environment:create_file_with_runtime_dependencies(/home/alex/mc-robo/robot_ws/install/test_package/share/colcon-core/packages/test_package)
[22.434s] DEBUG:colcon.colcon_parallel_executor.executor.parallel:closing loop
[22.438s] DEBUG:colcon.colcon_parallel_executor.executor.parallel:loop closed
[22.439s] DEBUG:colcon.colcon_parallel_executor.executor.parallel:run_until_complete finished with '0'
[22.439s] DEBUG:colcon.colcon_core.event_reactor:joining thread
[22.587s] INFO:colcon.colcon_core.plugin_system:Skipping extension 'colcon_notification.desktop_notification.notify_send': Could not find 'notify-send'
[22.588s] INFO:colcon.colcon_core.plugin_system:Skipping extension 'colcon_notification.desktop_notification.terminal_notifier': Not used on non-Darwin systems
[22.588s] INFO:colcon.colcon_core.plugin_system:Skipping extension 'colcon_notification.desktop_notification.win32': Not used on non-Windows systems
[22.589s] INFO:colcon.colcon_notification.desktop_notification:Sending desktop notification using 'notify2'
[22.865s] DEBUG:colcon.colcon_notification.desktop_notification.notify2:Failed to initialize notify2: org.freedesktop.DBus.Error.ServiceUnknown: The name org.freedesktop.Notifications was not provided by any .service files
[22.866s] DEBUG:colcon.colcon_core.event_reactor:joined thread
[22.868s] INFO:colcon.colcon_core.shell:Creating prefix script '/home/alex/mc-robo/robot_ws/install/local_setup.ps1'
[22.886s] INFO:colcon.colcon_core.shell:Creating prefix util module '/home/alex/mc-robo/robot_ws/install/_local_setup_util_ps1.py'
[22.906s] INFO:colcon.colcon_core.shell:Creating prefix chain script '/home/alex/mc-robo/robot_ws/install/setup.ps1'
[22.914s] INFO:colcon.colcon_core.shell:Creating prefix script '/home/alex/mc-robo/robot_ws/install/local_setup.sh'
[22.920s] INFO:colcon.colcon_core.shell:Creating prefix util module '/home/alex/mc-robo/robot_ws/install/_local_setup_util_sh.py'
[22.925s] INFO:colcon.colcon_core.shell:Creating prefix chain script '/home/alex/mc-robo/robot_ws/install/setup.sh'
[22.934s] INFO:colcon.colcon_core.shell:Creating prefix script '/home/alex/mc-robo/robot_ws/install/local_setup.bash'
[22.942s] INFO:colcon.colcon_core.shell:Creating prefix chain script '/home/alex/mc-robo/robot_ws/install/setup.bash'
[22.952s] INFO:colcon.colcon_core.shell:Creating prefix script '/home/alex/mc-robo/robot_ws/install/local_setup.zsh'
[22.958s] INFO:colcon.colcon_core.shell:Creating prefix chain script '/home/alex/mc-robo/robot_ws/install/setup.zsh'
