[1.124s] DEBUG:colcon:Command line arguments: ['/usr/bin/colcon', 'build', '--symlink-install']
[1.125s] DEBUG:colcon:Parsed command line arguments: Namespace(log_base=None, log_level=None, verb_name='build', build_base='build', install_base='install', merge_install=False, symlink_install=True, test_result_base=None, continue_on_error=False, executor='parallel', parallel_workers=2, event_handlers=None, ignore_user_meta=False, metas=['./colcon.meta'], base_paths=['.'], packages_ignore=None, packages_ignore_regex=None, paths=None, packages_up_to=None, packages_up_to_regex=None, packages_above=None, packages_above_and_dependencies=None, packages_above_depth=None, packages_select_by_dep=None, packages_skip_by_dep=None, packages_skip_up_to=None, packages_select_build_failed=False, packages_skip_build_finished=False, packages_select_test_failures=False, packages_skip_test_passed=False, packages_select=None, packages_skip=None, packages_select_regex=None, packages_skip_regex=None, packages_start=None, packages_end=None, allow_overriding=[], cmake_args=None, cmake_target=None, cmake_target_skip_unavailable=False, cmake_clean_cache=False, cmake_clean_first=False, cmake_force_configure=False, ament_cmake_args=None, catkin_cmake_args=None, catkin_skip_building_tests=False, mixin_files=None, mixin=None, verb_parser=<colcon_mixin.mixin.mixin_argument.MixinArgumentDecorator object at 0x73bf44b6fb90>, verb_extension=<colcon_core.verb.build.BuildVerb object at 0x73bf44b100b0>, main=<bound method BuildVerb.main of <colcon_core.verb.build.BuildVerb object at 0x73bf44b100b0>>, mixin_verb=('build',))
[2.417s] Level 1:colcon.colcon_core.package_discovery:discover_packages(colcon_meta) check parameters
[2.418s] Level 1:colcon.colcon_core.package_discovery:discover_packages(recursive) check parameters
[2.419s] Level 1:colcon.colcon_core.package_discovery:discover_packages(ignore) check parameters
[2.419s] Level 1:colcon.colcon_core.package_discovery:discover_packages(path) check parameters
[2.419s] Level 1:colcon.colcon_core.package_discovery:discover_packages(colcon_meta) discover
[2.420s] Level 1:colcon.colcon_core.package_discovery:discover_packages(recursive) discover
[2.420s] INFO:colcon.colcon_core.package_discovery:Crawling recursively for packages in '/home/alex/mc-robo/robot_ws'
[2.421s] Level 1:colcon.colcon_core.package_identification:_identify(.) by extensions ['ignore', 'ignore_ament_install']
[2.422s] Level 1:colcon.colcon_core.package_identification:_identify(.) by extension 'ignore'
[2.423s] Level 1:colcon.colcon_core.package_identification:_identify(.) by extension 'ignore_ament_install'
[2.424s] Level 1:colcon.colcon_core.package_identification:_identify(.) by extensions ['colcon_pkg']
[2.424s] Level 1:colcon.colcon_core.package_identification:_identify(.) by extension 'colcon_pkg'
[2.425s] Level 1:colcon.colcon_core.package_identification:_identify(.) by extensions ['colcon_meta']
[2.425s] Level 1:colcon.colcon_core.package_identification:_identify(.) by extension 'colcon_meta'
[2.426s] Level 1:colcon.colcon_core.package_identification:_identify(.) by extensions ['ros']
[2.426s] Level 1:colcon.colcon_core.package_identification:_identify(.) by extension 'ros'
[2.668s] Level 1:colcon.colcon_core.package_identification:_identify(.) by extensions ['cmake', 'python']
[2.668s] Level 1:colcon.colcon_core.package_identification:_identify(.) by extension 'cmake'
[2.669s] Level 1:colcon.colcon_core.package_identification:_identify(.) by extension 'python'
[2.670s] Level 1:colcon.colcon_core.package_identification:_identify(.) by extensions ['python_setup_py']
[2.670s] Level 1:colcon.colcon_core.package_identification:_identify(.) by extension 'python_setup_py'
[2.671s] Level 1:colcon.colcon_core.package_identification:_identify(build) by extensions ['ignore', 'ignore_ament_install']
[2.672s] Level 1:colcon.colcon_core.package_identification:_identify(build) by extension 'ignore'
[2.673s] Level 1:colcon.colcon_core.package_identification:_identify(build) ignored
[2.674s] Level 1:colcon.colcon_core.package_identification:_identify(install) by extensions ['ignore', 'ignore_ament_install']
[2.675s] Level 1:colcon.colcon_core.package_identification:_identify(install) by extension 'ignore'
[2.675s] Level 1:colcon.colcon_core.package_identification:_identify(install) ignored
[2.676s] Level 1:colcon.colcon_core.package_identification:_identify(log) by extensions ['ignore', 'ignore_ament_install']
[2.677s] Level 1:colcon.colcon_core.package_identification:_identify(log) by extension 'ignore'
[2.678s] Level 1:colcon.colcon_core.package_identification:_identify(log) ignored
[2.678s] Level 1:colcon.colcon_core.package_identification:_identify(src) by extensions ['ignore', 'ignore_ament_install']
[2.679s] Level 1:colcon.colcon_core.package_identification:_identify(src) by extension 'ignore'
[2.680s] Level 1:colcon.colcon_core.package_identification:_identify(src) by extension 'ignore_ament_install'
[2.681s] Level 1:colcon.colcon_core.package_identification:_identify(src) by extensions ['colcon_pkg']
[2.681s] Level 1:colcon.colcon_core.package_identification:_identify(src) by extension 'colcon_pkg'
[2.682s] Level 1:colcon.colcon_core.package_identification:_identify(src) by extensions ['colcon_meta']
[2.682s] Level 1:colcon.colcon_core.package_identification:_identify(src) by extension 'colcon_meta'
[2.683s] Level 1:colcon.colcon_core.package_identification:_identify(src) by extensions ['ros']
[2.683s] Level 1:colcon.colcon_core.package_identification:_identify(src) by extension 'ros'
[2.684s] Level 1:colcon.colcon_core.package_identification:_identify(src) by extensions ['cmake', 'python']
[2.685s] Level 1:colcon.colcon_core.package_identification:_identify(src) by extension 'cmake'
[2.686s] Level 1:colcon.colcon_core.package_identification:_identify(src) by extension 'python'
[2.686s] Level 1:colcon.colcon_core.package_identification:_identify(src) by extensions ['python_setup_py']
[2.687s] Level 1:colcon.colcon_core.package_identification:_identify(src) by extension 'python_setup_py'
[2.688s] Level 1:colcon.colcon_core.package_identification:_identify(src/test_package) by extensions ['ignore', 'ignore_ament_install']
[2.689s] Level 1:colcon.colcon_core.package_identification:_identify(src/test_package) by extension 'ignore'
[2.689s] Level 1:colcon.colcon_core.package_identification:_identify(src/test_package) by extension 'ignore_ament_install'
[2.690s] Level 1:colcon.colcon_core.package_identification:_identify(src/test_package) by extensions ['colcon_pkg']
[2.691s] Level 1:colcon.colcon_core.package_identification:_identify(src/test_package) by extension 'colcon_pkg'
[2.691s] Level 1:colcon.colcon_core.package_identification:_identify(src/test_package) by extensions ['colcon_meta']
[2.692s] Level 1:colcon.colcon_core.package_identification:_identify(src/test_package) by extension 'colcon_meta'
[2.692s] Level 1:colcon.colcon_core.package_identification:_identify(src/test_package) by extensions ['ros']
[2.693s] Level 1:colcon.colcon_core.package_identification:_identify(src/test_package) by extension 'ros'
[2.711s] DEBUG:colcon.colcon_core.package_identification:Package 'src/test_package' with type 'ros.ament_cmake' and name 'test_package'
[2.711s] Level 1:colcon.colcon_core.package_discovery:discover_packages(recursive) using defaults
[2.712s] Level 1:colcon.colcon_core.package_discovery:discover_packages(ignore) discover
[2.712s] Level 1:colcon.colcon_core.package_discovery:discover_packages(ignore) using defaults
[2.713s] Level 1:colcon.colcon_core.package_discovery:discover_packages(path) discover
[2.713s] Level 1:colcon.colcon_core.package_discovery:discover_packages(path) using defaults
[2.870s] Level 1:colcon.colcon_core.package_discovery:discover_packages(prefix_path) check parameters
[2.871s] Level 1:colcon.colcon_core.package_discovery:discover_packages(prefix_path) discover
[2.887s] DEBUG:colcon.colcon_installed_package_information.package_discovery:Found 1 installed packages in /home/alex/mc-robo/dev_ws/install
[2.907s] DEBUG:colcon.colcon_installed_package_information.package_discovery:Found 285 installed packages in /opt/ros/jazzy
[2.918s] Level 1:colcon.colcon_core.package_discovery:discover_packages(prefix_path) using defaults
[3.568s] Level 5:colcon.colcon_core.verb:set package 'test_package' build argument 'cmake_args' from command line to 'None'
[3.569s] Level 5:colcon.colcon_core.verb:set package 'test_package' build argument 'cmake_target' from command line to 'None'
[3.569s] Level 5:colcon.colcon_core.verb:set package 'test_package' build argument 'cmake_target_skip_unavailable' from command line to 'False'
[3.570s] Level 5:colcon.colcon_core.verb:set package 'test_package' build argument 'cmake_clean_cache' from command line to 'False'
[3.570s] Level 5:colcon.colcon_core.verb:set package 'test_package' build argument 'cmake_clean_first' from command line to 'False'
[3.570s] Level 5:colcon.colcon_core.verb:set package 'test_package' build argument 'cmake_force_configure' from command line to 'False'
[3.571s] Level 5:colcon.colcon_core.verb:set package 'test_package' build argument 'ament_cmake_args' from command line to 'None'
[3.571s] Level 5:colcon.colcon_core.verb:set package 'test_package' build argument 'catkin_cmake_args' from command line to 'None'
[3.571s] Level 5:colcon.colcon_core.verb:set package 'test_package' build argument 'catkin_skip_building_tests' from command line to 'False'
[3.572s] DEBUG:colcon.colcon_core.verb:Building package 'test_package' with the following arguments: {'ament_cmake_args': None, 'build_base': '/home/alex/mc-robo/robot_ws/build/test_package', 'catkin_cmake_args': None, 'catkin_skip_building_tests': False, 'cmake_args': None, 'cmake_clean_cache': False, 'cmake_clean_first': False, 'cmake_force_configure': False, 'cmake_target': None, 'cmake_target_skip_unavailable': False, 'install_base': '/home/alex/mc-robo/robot_ws/install/test_package', 'merge_install': False, 'path': '/home/alex/mc-robo/robot_ws/src/test_package', 'symlink_install': True, 'test_result_base': None}
[3.573s] INFO:colcon.colcon_core.executor:Executing jobs using 'parallel' executor
[3.579s] DEBUG:colcon.colcon_parallel_executor.executor.parallel:run_until_complete
[3.581s] INFO:colcon.colcon_ros.task.ament_cmake.build:Building ROS package in '/home/alex/mc-robo/robot_ws/src/test_package' with build type 'ament_cmake'
[3.584s] INFO:colcon.colcon_cmake.task.cmake.build:Building CMake package in '/home/alex/mc-robo/robot_ws/src/test_package'
[3.601s] INFO:colcon.colcon_core.plugin_system:Skipping extension 'colcon_core.shell.bat': Not used on non-Windows systems
[3.602s] INFO:colcon.colcon_core.shell:Skip shell extension 'powershell' for command environment: Not usable outside of PowerShell
[3.603s] DEBUG:colcon.colcon_core.shell:Skip shell extension 'dsv' for command environment
[3.672s] DEBUG:colcon.colcon_core.event_handler.log_command:Invoking command in '/home/alex/mc-robo/robot_ws/build/test_package': CMAKE_PREFIX_PATH=${CMAKE_PREFIX_PATH}:/opt/ros/jazzy /usr/bin/cmake /home/alex/mc-robo/robot_ws/src/test_package -DAMENT_CMAKE_SYMLINK_INSTALL=1 -DCMAKE_INSTALL_PREFIX=/home/alex/mc-robo/robot_ws/install/test_package
[9.877s] DEBUG:colcon.colcon_core.event_handler.log_command:Invoked command in '/home/alex/mc-robo/robot_ws/build/test_package' returned '0': CMAKE_PREFIX_PATH=${CMAKE_PREFIX_PATH}:/opt/ros/jazzy /usr/bin/cmake /home/alex/mc-robo/robot_ws/src/test_package -DAMENT_CMAKE_SYMLINK_INSTALL=1 -DCMAKE_INSTALL_PREFIX=/home/alex/mc-robo/robot_ws/install/test_package
[9.892s] DEBUG:colcon.colcon_core.event_handler.log_command:Invoking command in '/home/alex/mc-robo/robot_ws/build/test_package': CMAKE_PREFIX_PATH=${CMAKE_PREFIX_PATH}:/opt/ros/jazzy /usr/bin/cmake --build /home/alex/mc-robo/robot_ws/build/test_package -- -j2 -l2
[10.174s] DEBUG:colcon.colcon_core.event_handler.log_command:Invoked command in '/home/alex/mc-robo/robot_ws/build/test_package' returned '0': CMAKE_PREFIX_PATH=${CMAKE_PREFIX_PATH}:/opt/ros/jazzy /usr/bin/cmake --build /home/alex/mc-robo/robot_ws/build/test_package -- -j2 -l2
[10.389s] DEBUG:colcon.colcon_core.event_handler.log_command:Invoking command in '/home/alex/mc-robo/robot_ws/build/test_package': CMAKE_PREFIX_PATH=${CMAKE_PREFIX_PATH}:/opt/ros/jazzy /usr/bin/cmake --install /home/alex/mc-robo/robot_ws/build/test_package
[11.608s] Level 1:colcon.colcon_core.environment:create_environment_scripts_only(test_package)
[11.613s] DEBUG:colcon.colcon_core.event_handler.log_command:Invoked command in '/home/alex/mc-robo/robot_ws/build/test_package' returned '0': CMAKE_PREFIX_PATH=${CMAKE_PREFIX_PATH}:/opt/ros/jazzy /usr/bin/cmake --install /home/alex/mc-robo/robot_ws/build/test_package
[11.641s] Level 1:colcon.colcon_core.environment:checking '/home/alex/mc-robo/robot_ws/install/test_package' for CMake module files
[11.653s] Level 1:colcon.colcon_core.environment:checking '/home/alex/mc-robo/robot_ws/install/test_package' for CMake config files
[11.657s] Level 1:colcon.colcon_core.shell:create_environment_hook('test_package', 'cmake_prefix_path')
[11.659s] INFO:colcon.colcon_core.shell:Creating environment hook '/home/alex/mc-robo/robot_ws/install/test_package/share/test_package/hook/cmake_prefix_path.ps1'
[11.665s] INFO:colcon.colcon_core.shell:Creating environment descriptor '/home/alex/mc-robo/robot_ws/install/test_package/share/test_package/hook/cmake_prefix_path.dsv'
[11.669s] INFO:colcon.colcon_core.shell:Creating environment hook '/home/alex/mc-robo/robot_ws/install/test_package/share/test_package/hook/cmake_prefix_path.sh'
[11.677s] Level 1:colcon.colcon_core.environment:checking '/home/alex/mc-robo/robot_ws/install/test_package/bin'
[11.678s] Level 1:colcon.colcon_core.environment:checking '/home/alex/mc-robo/robot_ws/install/test_package/lib/pkgconfig/test_package.pc'
[11.680s] Level 1:colcon.colcon_core.environment:checking '/home/alex/mc-robo/robot_ws/install/test_package/lib/python3.12/site-packages'
[11.682s] Level 1:colcon.colcon_core.environment:checking '/home/alex/mc-robo/robot_ws/install/test_package/bin'
[11.685s] INFO:colcon.colcon_core.shell:Creating package script '/home/alex/mc-robo/robot_ws/install/test_package/share/test_package/package.ps1'
[11.691s] INFO:colcon.colcon_core.shell:Creating package descriptor '/home/alex/mc-robo/robot_ws/install/test_package/share/test_package/package.dsv'
[11.696s] INFO:colcon.colcon_core.shell:Creating package script '/home/alex/mc-robo/robot_ws/install/test_package/share/test_package/package.sh'
[11.702s] INFO:colcon.colcon_core.shell:Creating package script '/home/alex/mc-robo/robot_ws/install/test_package/share/test_package/package.bash'
[11.707s] INFO:colcon.colcon_core.shell:Creating package script '/home/alex/mc-robo/robot_ws/install/test_package/share/test_package/package.zsh'
[11.714s] Level 1:colcon.colcon_core.environment:create_file_with_runtime_dependencies(/home/alex/mc-robo/robot_ws/install/test_package/share/colcon-core/packages/test_package)
[11.856s] Level 1:colcon.colcon_core.environment:create_environment_scripts_only(test_package)
[11.858s] Level 1:colcon.colcon_core.environment:checking '/home/alex/mc-robo/robot_ws/install/test_package' for CMake module files
[11.864s] Level 1:colcon.colcon_core.environment:checking '/home/alex/mc-robo/robot_ws/install/test_package' for CMake config files
[11.867s] Level 1:colcon.colcon_core.shell:create_environment_hook('test_package', 'cmake_prefix_path')
[11.868s] INFO:colcon.colcon_core.shell:Creating environment hook '/home/alex/mc-robo/robot_ws/install/test_package/share/test_package/hook/cmake_prefix_path.ps1'
[11.872s] INFO:colcon.colcon_core.shell:Creating environment descriptor '/home/alex/mc-robo/robot_ws/install/test_package/share/test_package/hook/cmake_prefix_path.dsv'
[11.875s] INFO:colcon.colcon_core.shell:Creating environment hook '/home/alex/mc-robo/robot_ws/install/test_package/share/test_package/hook/cmake_prefix_path.sh'
[11.882s] Level 1:colcon.colcon_core.environment:checking '/home/alex/mc-robo/robot_ws/install/test_package/bin'
[11.883s] Level 1:colcon.colcon_core.environment:checking '/home/alex/mc-robo/robot_ws/install/test_package/lib/pkgconfig/test_package.pc'
[11.887s] Level 1:colcon.colcon_core.environment:checking '/home/alex/mc-robo/robot_ws/install/test_package/lib/python3.12/site-packages'
[11.890s] Level 1:colcon.colcon_core.environment:checking '/home/alex/mc-robo/robot_ws/install/test_package/bin'
[11.892s] INFO:colcon.colcon_core.shell:Creating package script '/home/alex/mc-robo/robot_ws/install/test_package/share/test_package/package.ps1'
[11.897s] INFO:colcon.colcon_core.shell:Creating package descriptor '/home/alex/mc-robo/robot_ws/install/test_package/share/test_package/package.dsv'
[11.902s] INFO:colcon.colcon_core.shell:Creating package script '/home/alex/mc-robo/robot_ws/install/test_package/share/test_package/package.sh'
[11.906s] INFO:colcon.colcon_core.shell:Creating package script '/home/alex/mc-robo/robot_ws/install/test_package/share/test_package/package.bash'
[11.910s] INFO:colcon.colcon_core.shell:Creating package script '/home/alex/mc-robo/robot_ws/install/test_package/share/test_package/package.zsh'
[11.914s] Level 1:colcon.colcon_core.environment:create_file_with_runtime_dependencies(/home/alex/mc-robo/robot_ws/install/test_package/share/colcon-core/packages/test_package)
[11.916s] DEBUG:colcon.colcon_parallel_executor.executor.parallel:closing loop
[11.921s] DEBUG:colcon.colcon_parallel_executor.executor.parallel:loop closed
[11.922s] DEBUG:colcon.colcon_parallel_executor.executor.parallel:run_until_complete finished with '0'
[11.923s] DEBUG:colcon.colcon_core.event_reactor:joining thread
[11.965s] INFO:colcon.colcon_core.plugin_system:Skipping extension 'colcon_notification.desktop_notification.notify_send': Could not find 'notify-send'
[11.965s] INFO:colcon.colcon_core.plugin_system:Skipping extension 'colcon_notification.desktop_notification.terminal_notifier': Not used on non-Darwin systems
[11.966s] INFO:colcon.colcon_core.plugin_system:Skipping extension 'colcon_notification.desktop_notification.win32': Not used on non-Windows systems
[11.967s] INFO:colcon.colcon_notification.desktop_notification:Sending desktop notification using 'notify2'
[11.972s] DEBUG:colcon.colcon_notification.desktop_notification.notify2:Failed to initialize notify2: org.freedesktop.DBus.Error.ServiceUnknown: The name org.freedesktop.Notifications was not provided by any .service files
[11.973s] DEBUG:colcon.colcon_core.event_reactor:joined thread
[11.974s] INFO:colcon.colcon_core.shell:Creating prefix script '/home/alex/mc-robo/robot_ws/install/local_setup.ps1'
[11.981s] INFO:colcon.colcon_core.shell:Creating prefix util module '/home/alex/mc-robo/robot_ws/install/_local_setup_util_ps1.py'
[11.991s] INFO:colcon.colcon_core.shell:Creating prefix chain script '/home/alex/mc-robo/robot_ws/install/setup.ps1'
[11.998s] INFO:colcon.colcon_core.shell:Creating prefix script '/home/alex/mc-robo/robot_ws/install/local_setup.sh'
[12.003s] INFO:colcon.colcon_core.shell:Creating prefix util module '/home/alex/mc-robo/robot_ws/install/_local_setup_util_sh.py'
[12.007s] INFO:colcon.colcon_core.shell:Creating prefix chain script '/home/alex/mc-robo/robot_ws/install/setup.sh'
[12.015s] INFO:colcon.colcon_core.shell:Creating prefix script '/home/alex/mc-robo/robot_ws/install/local_setup.bash'
[12.019s] INFO:colcon.colcon_core.shell:Creating prefix chain script '/home/alex/mc-robo/robot_ws/install/setup.bash'
[12.027s] INFO:colcon.colcon_core.shell:Creating prefix script '/home/alex/mc-robo/robot_ws/install/local_setup.zsh'
[12.031s] INFO:colcon.colcon_core.shell:Creating prefix chain script '/home/alex/mc-robo/robot_ws/install/setup.zsh'
